# JRE version: OpenJDK Runtime Environment (8.0_152-b01) (build 1.8.0_152-release-915-b01)
# Java VM: OpenJDK 64-Bit Server VM (25.152-b01 mixed mode linux-amd64 compressed oops)
Heap:
 PSYoungGen      total 423424K, used 381250K [0x00000000e0000000, 0x00000000fd480000, 0x0000000100000000)
  eden space 373248K, 100% used [0x00000000e0000000,0x00000000f6c80000,0x00000000f6c80000)
  from space 50176K, 15% used [0x00000000fa380000,0x00000000fab50828,0x00000000fd480000)
  to   space 53248K, 13% used [0x00000000f6c80000,0x00000000f7374100,0x00000000fa080000)
 ParOldGen       total 155136K, used 75831K [0x00000000a0000000, 0x00000000a9780000, 0x00000000e0000000)
  object space 155136K, 48% used [0x00000000a0000000,0x00000000a4a0dd58,0x00000000a9780000)
 Metaspace       used 104316K, capacity 118679K, committed 118872K, reserved 1150976K
  class space    used 12969K, capacity 16912K, committed 17024K, reserved 1048576K
GC Heap History (10 events):
Event: 21726.266 GC heap after
Heap after GC invocations=98 (full 6):
 PSYoungGen      total 421888K, used 12052K [0x00000000e0000000, 0x00000000fe200000, 0x0000000100000000)
  eden space 361472K, 0% used [0x00000000e0000000,0x00000000e0000000,0x00000000f6100000)
  from space 60416K, 19% used [0x00000000fa700000,0x00000000fb2c5038,0x00000000fe200000)
  to   space 66048K, 0% used [0x00000000f6100000,0x00000000f6100000,0x00000000fa180000)
 ParOldGen       total 155136K, used 74514K [0x00000000a0000000, 0x00000000a9780000, 0x00000000e0000000)
  object space 155136K, 48% used [0x00000000a0000000,0x00000000a48c4858,0x00000000a9780000)
 Metaspace       used 100552K, capacity 114003K, committed 114264K, reserved 1146880K
  class space    used 12504K, capacity 16152K, committed 16256K, reserved 1048576K
}
Event: 21880.606 GC heap before
{Heap before GC invocations=99 (full 6):
 PSYoungGen      total 421888K, used 373524K [0x00000000e0000000, 0x00000000fe200000, 0x0000000100000000)
  eden space 361472K, 100% used [0x00000000e0000000,0x00000000f6100000,0x00000000f6100000)
  from space 60416K, 19% used [0x00000000fa700000,0x00000000fb2c5038,0x00000000fe200000)
  to   space 66048K, 0% used [0x00000000f6100000,0x00000000f6100000,0x00000000fa180000)
 ParOldGen       total 155136K, used 74514K [0x00000000a0000000, 0x00000000a9780000, 0x00000000e0000000)
  object space 155136K, 48% used [0x00000000a0000000,0x00000000a48c4858,0x00000000a9780000)
 Metaspace       used 101291K, capacity 114875K, committed 115160K, reserved 1148928K
  class space    used 12594K, capacity 16296K, committed 16384K, reserved 1048576K
Event: 21880.632 GC heap after
Heap after GC invocations=99 (full 6):
 PSYoungGen      total 427520K, used 13145K [0x00000000e0000000, 0x00000000fe380000, 0x0000000100000000)
  eden space 361472K, 0% used [0x00000000e0000000,0x00000000e0000000,0x00000000f6100000)
  from space 66048K, 19% used [0x00000000f6100000,0x00000000f6dd64c0,0x00000000fa180000)
  to   space 62464K, 0% used [0x00000000fa680000,0x00000000fa680000,0x00000000fe380000)
 ParOldGen       total 155136K, used 74781K [0x00000000a0000000, 0x00000000a9780000, 0x00000000e0000000)
  object space 155136K, 48% used [0x00000000a0000000,0x00000000a4907598,0x00000000a9780000)
 Metaspace       used 101291K, capacity 114875K, committed 115160K, reserved 1148928K
  class space    used 12594K, capacity 16296K, committed 16384K, reserved 1048576K
}
Event: 22087.630 GC heap before
{Heap before GC invocations=100 (full 6):
 PSYoungGen      total 427520K, used 374617K [0x00000000e0000000, 0x00000000fe380000, 0x0000000100000000)
  eden space 361472K, 100% used [0x00000000e0000000,0x00000000f6100000,0x00000000f6100000)
  from space 66048K, 19% used [0x00000000f6100000,0x00000000f6dd64c0,0x00000000fa180000)
  to   space 62464K, 0% used [0x00000000fa680000,0x00000000fa680000,0x00000000fe380000)
 ParOldGen       total 155136K, used 74781K [0x00000000a0000000, 0x00000000a9780000, 0x00000000e0000000)
  object space 155136K, 48% used [0x00000000a0000000,0x00000000a4907598,0x00000000a9780000)
 Metaspace       used 102022K, capacity 115815K, committed 116056K, reserved 1148928K
  class space    used 12686K, capacity 16440K, committed 16512K, reserved 1048576K
Event: 22087.664 GC heap after
Heap after GC invocations=100 (full 6):
 PSYoungGen      total 421376K, used 14313K [0x00000000e0000000, 0x00000000fda00000, 0x0000000100000000)
  eden space 368640K, 0% used [0x00000000e0000000,0x00000000e0000000,0x00000000f6800000)
  from space 52736K, 27% used [0x00000000fa680000,0x00000000fb47a6a8,0x00000000fda00000)
  to   space 58368K, 0% used [0x00000000f6800000,0x00000000f6800000,0x00000000fa100000)
 ParOldGen       total 155136K, used 75116K [0x00000000a0000000, 0x00000000a9780000, 0x00000000e0000000)
  object space 155136K, 48% used [0x00000000a0000000,0x00000000a495b2c8,0x00000000a9780000)
 Metaspace       used 102022K, capacity 115815K, committed 116056K, reserved 1148928K
  class space    used 12686K, capacity 16440K, committed 16512K, reserved 1048576K
}
Event: 22324.231 GC heap before
{Heap before GC invocations=101 (full 6):
 PSYoungGen      total 421376K, used 382953K [0x00000000e0000000, 0x00000000fda00000, 0x0000000100000000)
  eden space 368640K, 100% used [0x00000000e0000000,0x00000000f6800000,0x00000000f6800000)
  from space 52736K, 27% used [0x00000000fa680000,0x00000000fb47a6a8,0x00000000fda00000)
  to   space 58368K, 0% used [0x00000000f6800000,0x00000000f6800000,0x00000000fa100000)
 ParOldGen       total 155136K, used 75116K [0x00000000a0000000, 0x00000000a9780000, 0x00000000e0000000)
  object space 155136K, 48% used [0x00000000a0000000,0x00000000a495b2c8,0x00000000a9780000)
 Metaspace       used 102775K, capacity 116815K, committed 116952K, reserved 1148928K
  class space    used 12776K, capacity 16584K, committed 16640K, reserved 1048576K
Event: 22324.257 GC heap after
Heap after GC invocations=101 (full 6):
 PSYoungGen      total 427008K, used 13040K [0x00000000e0000000, 0x00000000fd980000, 0x0000000100000000)
  eden space 368640K, 0% used [0x00000000e0000000,0x00000000e0000000,0x00000000f6800000)
  from space 58368K, 22% used [0x00000000f6800000,0x00000000f74bc2a8,0x00000000fa100000)
  to   space 55296K, 0% used [0x00000000fa380000,0x00000000fa380000,0x00000000fd980000)
 ParOldGen       total 155136K, used 75236K [0x00000000a0000000, 0x00000000a9780000, 0x00000000e0000000)
  object space 155136K, 48% used [0x00000000a0000000,0x00000000a49792c8,0x00000000a9780000)
 Metaspace       used 102775K, capacity 116815K, committed 116952K, reserved 1148928K
  class space    used 12776K, capacity 16584K, committed 16640K, reserved 1048576K
}
Event: 22666.474 GC heap before
{Heap before GC invocations=102 (full 6):
 PSYoungGen      total 427008K, used 381680K [0x00000000e0000000, 0x00000000fd980000, 0x0000000100000000)
  eden space 368640K, 100% used [0x00000000e0000000,0x00000000f6800000,0x00000000f6800000)
  from space 58368K, 22% used [0x00000000f6800000,0x00000000f74bc2a8,0x00000000fa100000)
  to   space 55296K, 0% used [0x00000000fa380000,0x00000000fa380000,0x00000000fd980000)
 ParOldGen       total 155136K, used 75236K [0x00000000a0000000, 0x00000000a9780000, 0x00000000e0000000)
  object space 155136K, 48% used [0x00000000a0000000,0x00000000a49792c8,0x00000000a9780000)
 Metaspace       used 103525K, capacity 117687K, committed 117848K, reserved 1150976K
  class space    used 12868K, capacity 16728K, committed 16768K, reserved 1048576K
Event: 22666.492 GC heap after
Heap after GC invocations=102 (full 6):
 PSYoungGen      total 423424K, used 8002K [0x00000000e0000000, 0x00000000fd480000, 0x0000000100000000)
  eden space 373248K, 0% used [0x00000000e0000000,0x00000000e0000000,0x00000000f6c80000)
  from space 50176K, 15% used [0x00000000fa380000,0x00000000fab50828,0x00000000fd480000)
  to   space 53248K, 0% used [0x00000000f6c80000,0x00000000f6c80000,0x00000000fa080000)
 ParOldGen       total 155136K, used 75504K [0x00000000a0000000, 0x00000000a9780000, 0x00000000e0000000)
  object space 155136K, 48% used [0x00000000a0000000,0x00000000a49bc008,0x00000000a9780000)
 Metaspace       used 103525K, capacity 117687K, committed 117848K, reserved 1150976K
  class space    used 12868K, capacity 16728K, committed 16768K, reserved 1048576K
}
Event: 23828.310 GC heap before
{Heap before GC invocations=103 (full 6):
 PSYoungGen      total 423424K, used 381250K [0x00000000e0000000, 0x00000000fd480000, 0x0000000100000000)
  eden space 373248K, 100% used [0x00000000e0000000,0x00000000f6c80000,0x00000000f6c80000)
  from space 50176K, 15% used [0x00000000fa380000,0x00000000fab50828,0x00000000fd480000)
  to   space 53248K, 0% used [0x00000000f6c80000,0x00000000f6c80000,0x00000000fa080000)
 ParOldGen       total 155136K, used 75504K [0x00000000a0000000, 0x00000000a9780000, 0x00000000e0000000)
  object space 155136K, 48% used [0x00000000a0000000,0x00000000a49bc008,0x00000000a9780000)
 Metaspace       used 104316K, capacity 118679K, committed 118872K, reserved 1150976K
  class space    used 12969K, capacity 16912K, committed 17024K, reserved 1048576K

